{
  "stats": {
    "suites": 1,
    "tests": 3,
    "passes": 3,
    "pending": 0,
    "failures": 0,
    "start": "2021-06-07T17:35:39.637Z",
    "end": "2021-06-07T17:35:56.206Z",
    "duration": 16569,
    "testsRegistered": 3,
    "passPercent": 100,
    "pendingPercent": 0,
    "other": 0,
    "hasOther": false,
    "skipped": 0,
    "hasSkipped": false
  },
  "results": [
    {
      "uuid": "997ea144-4e16-4f61-9c54-32b6200c7a00",
      "title": "",
      "fullFile": "cypress/integration/TC05-cy-whatsnew-spec.js",
      "file": "cypress/integration/TC05-cy-whatsnew-spec.js",
      "beforeHooks": [],
      "afterHooks": [],
      "tests": [],
      "suites": [
        {
          "uuid": "1b4e3bb2-a88b-4d68-8a81-c377cf0ca7b0",
          "title": "to check subscribe newsletter function",
          "fullFile": "",
          "file": "",
          "beforeHooks": [],
          "afterHooks": [],
          "tests": [
            {
              "title": "users can subscribe newsletter on page",
              "fullTitle": "to check subscribe newsletter function users can subscribe newsletter on page",
              "timedOut": null,
              "duration": 10969,
              "state": "passed",
              "speed": "slow",
              "pass": true,
              "fail": false,
              "pending": false,
              "context": null,
              "code": "cy.visit('https://www.cypress.io/whats-new');\ncy.scrollTo('bottom');\ncy.get('#onetrust-accept-btn-handler').click();\ncy.get(\"input[id='input-footer-email']\").type('qa001.polystar@gmail.com');\ncy.get('button[type=\"submit\"]').click();\ncy.contains('Thanks for submitting the form').should('be.visible');\ncy.reload();",
              "err": {},
              "uuid": "7cbbbb31-9f4c-4c58-ad5d-538ea9baa644",
              "parentUUID": "1b4e3bb2-a88b-4d68-8a81-c377cf0ca7b0",
              "isHook": false,
              "skipped": false
            },
            {
              "title": "check for negative scenario with no email id",
              "fullTitle": "to check subscribe newsletter function check for negative scenario with no email id",
              "timedOut": null,
              "duration": 1536,
              "state": "passed",
              "speed": "slow",
              "pass": true,
              "fail": false,
              "pending": false,
              "context": null,
              "code": "cy.get('button[type=\"submit\"]').dblclick();\ncy.contains('Please complete this required field').should('be.visible');",
              "err": {},
              "uuid": "add1a3a7-2975-4dc2-bfc2-466bc80ad264",
              "parentUUID": "1b4e3bb2-a88b-4d68-8a81-c377cf0ca7b0",
              "isHook": false,
              "skipped": false
            },
            {
              "title": "check for negative scenario with invalid email id",
              "fullTitle": "to check subscribe newsletter function check for negative scenario with invalid email id",
              "timedOut": null,
              "duration": 1507,
              "state": "passed",
              "speed": "slow",
              "pass": true,
              "fail": false,
              "pending": false,
              "context": null,
              "code": "//cy.get('#onetrust-accept-btn-handler').click()\ncy.get(\"input[id='input-footer-email']\").type('qa001polystargmail.com');\ncy.get('button[type=\"submit\"]').click();\ncy.contains('Email must be formatted correctly.').should('be.visible');",
              "err": {},
              "uuid": "6b8369fd-deed-4195-b13e-a9b652a06a0c",
              "parentUUID": "1b4e3bb2-a88b-4d68-8a81-c377cf0ca7b0",
              "isHook": false,
              "skipped": false
            }
          ],
          "suites": [],
          "passes": [
            "7cbbbb31-9f4c-4c58-ad5d-538ea9baa644",
            "add1a3a7-2975-4dc2-bfc2-466bc80ad264",
            "6b8369fd-deed-4195-b13e-a9b652a06a0c"
          ],
          "failures": [],
          "pending": [],
          "skipped": [],
          "duration": 14012,
          "root": false,
          "rootEmpty": false,
          "_timeout": 2000
        }
      ],
      "passes": [],
      "failures": [],
      "pending": [],
      "skipped": [],
      "duration": 0,
      "root": true,
      "rootEmpty": true,
      "_timeout": 2000
    }
  ],
  "meta": {
    "mocha": {
      "version": "7.0.1"
    },
    "mochawesome": {
      "options": {
        "quiet": false,
        "reportFilename": "mochawesome",
        "saveHtml": false,
        "saveJson": true,
        "consoleReporter": "spec",
        "useInlineDiffs": false,
        "code": true
      },
      "version": "6.2.2"
    },
    "marge": {
      "options": {
        "overwrite": false,
        "html": false,
        "json": true
      },
      "version": "5.2.0"
    }
  }
}