{
  "stats": {
    "suites": 1,
    "tests": 1,
    "passes": 1,
    "pending": 0,
    "failures": 0,
    "start": "2021-06-07T17:25:22.964Z",
    "end": "2021-06-07T17:25:26.729Z",
    "duration": 3765,
    "testsRegistered": 1,
    "passPercent": 100,
    "pendingPercent": 0,
    "other": 0,
    "hasOther": false,
    "skipped": 0,
    "hasSkipped": false
  },
  "results": [
    {
      "uuid": "0a58a815-c44e-4dae-b1c3-86220fab7a47",
      "title": "",
      "fullFile": "cypress/integration/TC01-changelanguage-spec.js",
      "file": "cypress/integration/TC01-changelanguage-spec.js",
      "beforeHooks": [],
      "afterHooks": [],
      "tests": [],
      "suites": [
        {
          "uuid": "3ee923b4-0fa6-48c1-b444-3227e7fed78f",
          "title": "to change language cookie",
          "fullFile": "",
          "file": "",
          "beforeHooks": [],
          "afterHooks": [],
          "tests": [
            {
              "title": "should navigate to the linkedin page",
              "fullTitle": "to change language cookie should navigate to the linkedin page",
              "timedOut": null,
              "duration": 1753,
              "state": "passed",
              "speed": "slow",
              "pass": true,
              "fail": false,
              "pending": false,
              "context": null,
              "code": "cy.visit('https://www.linkedin.com/');\ncy.contains('Logga in').should('be.visible');",
              "err": {},
              "uuid": "92363ad6-c8a1-45e3-90f2-d661d4ccd814",
              "parentUUID": "3ee923b4-0fa6-48c1-b444-3227e7fed78f",
              "isHook": false,
              "skipped": false
            }
          ],
          "suites": [],
          "passes": [
            "92363ad6-c8a1-45e3-90f2-d661d4ccd814"
          ],
          "failures": [],
          "pending": [],
          "skipped": [],
          "duration": 1753,
          "root": false,
          "rootEmpty": false,
          "_timeout": 2000
        }
      ],
      "passes": [],
      "failures": [],
      "pending": [],
      "skipped": [],
      "duration": 0,
      "root": true,
      "rootEmpty": true,
      "_timeout": 2000
    }
  ],
  "meta": {
    "mocha": {
      "version": "7.0.1"
    },
    "mochawesome": {
      "options": {
        "quiet": false,
        "reportFilename": "mochawesome",
        "saveHtml": false,
        "saveJson": true,
        "consoleReporter": "spec",
        "useInlineDiffs": false,
        "code": true
      },
      "version": "6.2.2"
    },
    "marge": {
      "options": {
        "overwrite": false,
        "html": false,
        "json": true
      },
      "version": "5.2.0"
    }
  }
}