{
  "stats": {
    "suites": 1,
    "tests": 1,
    "passes": 1,
    "pending": 0,
    "failures": 0,
    "start": "2021-06-07T17:33:13.518Z",
    "end": "2021-06-07T17:33:17.688Z",
    "duration": 4170,
    "testsRegistered": 1,
    "passPercent": 100,
    "pendingPercent": 0,
    "other": 0,
    "hasOther": false,
    "skipped": 0,
    "hasSkipped": false
  },
  "results": [
    {
      "uuid": "4f6d8b0a-f4b9-4b45-bbaf-d0e2f59b854d",
      "title": "",
      "fullFile": "cypress/integration/TC01-changelanguage-spec.js",
      "file": "cypress/integration/TC01-changelanguage-spec.js",
      "beforeHooks": [],
      "afterHooks": [],
      "tests": [],
      "suites": [
        {
          "uuid": "ca4b0579-7e8c-4e0c-96c8-8be9b58f9b1f",
          "title": "to change language cookie",
          "fullFile": "",
          "file": "",
          "beforeHooks": [],
          "afterHooks": [],
          "tests": [
            {
              "title": "should navigate to the linkedin page",
              "fullTitle": "to change language cookie should navigate to the linkedin page",
              "timedOut": null,
              "duration": 1313,
              "state": "passed",
              "speed": "slow",
              "pass": true,
              "fail": false,
              "pending": false,
              "context": null,
              "code": "cy.visit('https://www.linkedin.com/');\ncy.contains('Logga in').should('be.visible');",
              "err": {},
              "uuid": "112c10b1-f476-419b-b153-606270ce6846",
              "parentUUID": "ca4b0579-7e8c-4e0c-96c8-8be9b58f9b1f",
              "isHook": false,
              "skipped": false
            }
          ],
          "suites": [],
          "passes": [
            "112c10b1-f476-419b-b153-606270ce6846"
          ],
          "failures": [],
          "pending": [],
          "skipped": [],
          "duration": 1313,
          "root": false,
          "rootEmpty": false,
          "_timeout": 2000
        }
      ],
      "passes": [],
      "failures": [],
      "pending": [],
      "skipped": [],
      "duration": 0,
      "root": true,
      "rootEmpty": true,
      "_timeout": 2000
    }
  ],
  "meta": {
    "mocha": {
      "version": "7.0.1"
    },
    "mochawesome": {
      "options": {
        "quiet": false,
        "reportFilename": "mochawesome",
        "saveHtml": false,
        "saveJson": true,
        "consoleReporter": "spec",
        "useInlineDiffs": false,
        "code": true
      },
      "version": "6.2.2"
    },
    "marge": {
      "options": {
        "overwrite": false,
        "html": false,
        "json": true
      },
      "version": "5.2.0"
    }
  }
}