{
  "stats": {
    "suites": 1,
    "tests": 1,
    "passes": 1,
    "pending": 0,
    "failures": 0,
    "start": "2021-06-07T17:35:01.458Z",
    "end": "2021-06-07T17:35:25.216Z",
    "duration": 23758,
    "testsRegistered": 1,
    "passPercent": 100,
    "pendingPercent": 0,
    "other": 0,
    "hasOther": false,
    "skipped": 0,
    "hasSkipped": false
  },
  "results": [
    {
      "uuid": "3e86cdde-bf6a-42a7-9567-f918f6afa3d1",
      "title": "",
      "fullFile": "cypress/integration/TC04-cy-features-spec.js",
      "file": "cypress/integration/TC04-cy-features-spec.js",
      "beforeHooks": [],
      "afterHooks": [],
      "tests": [],
      "suites": [
        {
          "uuid": "c8c0f113-8310-44a4-8f13-18470bc15216",
          "title": "scroll section by section feature",
          "fullFile": "",
          "file": "",
          "beforeHooks": [],
          "afterHooks": [],
          "tests": [
            {
              "title": "should scroll section by section",
              "fullTitle": "scroll section by section feature should scroll section by section",
              "timedOut": null,
              "duration": 21105,
              "state": "passed",
              "speed": "slow",
              "pass": true,
              "fail": false,
              "pending": false,
              "context": null,
              "code": "cy.visit('https://www.cypress.io/features');\ncy.get('#onetrust-accept-btn-handler').click(); //cy.get(':nth-child(1) > .col-lg-5 > h3').scrollIntoView().should('be.visible')\ncy.contains('Setting up tests').scrollIntoView().should('be.visible');\ncy.wait(3000);\ncy.get(':nth-child(2) > .col-lg-5 > h3').scrollIntoView();\ncy.wait(3000);\ncy.get(':nth-child(3) > .col-lg-5 > h3').scrollIntoView().should('be.visible');\ncy.wait(3000);\ncy.get('.mb-0 > .col-lg-5 > h3').scrollIntoView();\ncy.wait(3000);\ncy.contains('Get Started').scrollIntoView().should('be.visible');\ncy.wait(4000);",
              "err": {},
              "uuid": "1a65907a-a4b6-428c-ab55-2c4535c66e5e",
              "parentUUID": "c8c0f113-8310-44a4-8f13-18470bc15216",
              "isHook": false,
              "skipped": false
            }
          ],
          "suites": [],
          "passes": [
            "1a65907a-a4b6-428c-ab55-2c4535c66e5e"
          ],
          "failures": [],
          "pending": [],
          "skipped": [],
          "duration": 21105,
          "root": false,
          "rootEmpty": false,
          "_timeout": 2000
        }
      ],
      "passes": [],
      "failures": [],
      "pending": [],
      "skipped": [],
      "duration": 0,
      "root": true,
      "rootEmpty": true,
      "_timeout": 2000
    }
  ],
  "meta": {
    "mocha": {
      "version": "7.0.1"
    },
    "mochawesome": {
      "options": {
        "quiet": false,
        "reportFilename": "mochawesome",
        "saveHtml": false,
        "saveJson": true,
        "consoleReporter": "spec",
        "useInlineDiffs": false,
        "code": true
      },
      "version": "6.2.2"
    },
    "marge": {
      "options": {
        "overwrite": false,
        "html": false,
        "json": true
      },
      "version": "5.2.0"
    }
  }
}